{"level":"info","message":"player jacjjj joining G-def-xw2x-1550240139232-jxah","timestamp":"2019-02-21T13:51:38.974Z"}
{"level":"info","message":"player rwewe joining GAM-tes-68v6-1548048624908-f40n","timestamp":"2019-02-21T16:37:24.481Z"}
{"level":"info","message":"got the game from DB","timestamp":"2019-02-21T16:37:24.492Z"}
{"level":"info","message":"pushed the player to the game","timestamp":"2019-02-21T16:37:24.495Z"}
{"level":"info","message":"saved the game with player rwewe","timestamp":"2019-02-21T16:37:24.512Z"}
{"level":"info","message":"emitting socket joined method to the UI","timestamp":"2019-02-21T16:37:24.512Z"}
{"level":"info","message":"player sdfg joining GAM-gam-n4zk-1547975982359-bgh6","timestamp":"2019-02-21T16:44:19.474Z"}
{"level":"info","message":"got the game from DB","timestamp":"2019-02-21T16:44:19.491Z"}
{"level":"info","message":"pushed the player to the game","timestamp":"2019-02-21T16:44:19.495Z"}
{"level":"info","message":"saved the game with player sdfg","timestamp":"2019-02-21T16:44:19.508Z"}
{"level":"info","message":"emitting socket joined method to the UI","timestamp":"2019-02-21T16:44:19.508Z"}
{"level":"info","message":"send chat message from player P-gam-sdfg-1550767459451-1","timestamp":"2019-02-21T16:44:28.424Z"}
{"level":"info","message":"send chat message from player ","timestamp":"2019-02-21T16:45:10.664Z"}
{"level":"error","message":"error while sending chat message from player  error:Cannot read property 'split' of undefined","timestamp":"2019-02-21T16:45:10.664Z"}
{"level":"info","message":"player vbnvbn joining G-ger-kqi5-1550315495571-9h72","timestamp":"2019-02-21T17:28:56.669Z"}
{"level":"info","message":"got the game from DB","timestamp":"2019-02-21T17:28:56.673Z"}
{"level":"info","message":"pushed the player to the game","timestamp":"2019-02-21T17:28:56.674Z"}
{"level":"info","message":"saved the game with player vbnvbn","timestamp":"2019-02-21T17:28:56.680Z"}
{"level":"info","message":"emitting socket joined method to the UI","timestamp":"2019-02-21T17:28:56.681Z"}
{"level":"info","message":"player sdfsdf joining G-ger-kqi5-1550315495571-9h72","timestamp":"2019-02-21T17:40:57.413Z"}
{"level":"info","message":"got the game from DB","timestamp":"2019-02-21T17:40:57.417Z"}
{"level":"info","message":"pushed the player to the game","timestamp":"2019-02-21T17:40:57.418Z"}
{"level":"info","message":"saved the game with player sdfsdf","timestamp":"2019-02-21T17:40:57.422Z"}
{"level":"info","message":"emitting socket joined method to the UI","timestamp":"2019-02-21T17:40:57.423Z"}
{"level":"info","message":"player xxcvxc joining G-ger-kqi5-1550315495571-9h72","timestamp":"2019-02-21T17:42:34.029Z"}
{"level":"info","message":"got the game from DB","timestamp":"2019-02-21T17:42:34.032Z"}
{"level":"info","message":"pushed the player to the game","timestamp":"2019-02-21T17:42:34.032Z"}
{"level":"info","message":"saved the game with player xxcvxc","timestamp":"2019-02-21T17:42:34.036Z"}
{"level":"info","message":"emitting socket joined method to the UI","timestamp":"2019-02-21T17:42:34.037Z"}
{"level":"info","message":"player ghfgh joining G-ger-kqi5-1550315495571-9h72","timestamp":"2019-02-21T17:43:13.910Z"}
{"level":"info","message":"got the game from DB","timestamp":"2019-02-21T17:43:13.913Z"}
{"level":"info","message":"pushed the player to the game","timestamp":"2019-02-21T17:43:13.913Z"}
{"level":"info","message":"saved the game with player ghfgh","timestamp":"2019-02-21T17:43:13.916Z"}
{"level":"info","message":"emitting socket joined method to the UI","timestamp":"2019-02-21T17:43:13.917Z"}
{"level":"info","message":"player fhghfg joining GAM-tes-68v6-1548048624908-f40n","timestamp":"2019-02-21T17:45:43.087Z"}
{"level":"info","message":"got the game from DB","timestamp":"2019-02-21T17:45:43.091Z"}
{"level":"info","message":"pushed the player to the game","timestamp":"2019-02-21T17:45:43.091Z"}
{"level":"info","message":"saved the game with player fhghfg","timestamp":"2019-02-21T17:45:43.096Z"}
{"level":"info","message":"emitting socket joined method to the UI","timestamp":"2019-02-21T17:45:43.096Z"}
{"level":"info","message":"player hjhjjh joining G-ger-kqi5-1550315495571-9h72","timestamp":"2019-02-21T17:50:23.447Z"}
{"level":"info","message":"got the game from DB","timestamp":"2019-02-21T17:50:23.450Z"}
{"level":"info","message":"pushed the player to the game","timestamp":"2019-02-21T17:50:23.451Z"}
{"level":"info","message":"saved the game with player hjhjjh","timestamp":"2019-02-21T17:50:23.455Z"}
{"level":"info","message":"emitting socket joined method to the UI","timestamp":"2019-02-21T17:50:23.455Z"}
{"level":"info","message":"player sgdfd joining GAM-tes-68v6-1548048624908-f40n","timestamp":"2019-02-21T17:51:30.537Z"}
{"level":"info","message":"got the game from DB","timestamp":"2019-02-21T17:51:30.541Z"}
{"level":"info","message":"pushed the player to the game","timestamp":"2019-02-21T17:51:30.542Z"}
{"level":"info","message":"saved the game with player sgdfd","timestamp":"2019-02-21T17:51:30.547Z"}
{"level":"info","message":"emitting socket joined method to the UI","timestamp":"2019-02-21T17:51:30.547Z"}
{"level":"info","message":"player fghfgh joining GAM-tes-68v6-1548048624908-f40n","timestamp":"2019-02-21T17:53:21.301Z"}
{"level":"info","message":"got the game from DB","timestamp":"2019-02-21T17:53:21.305Z"}
{"level":"info","message":"pushed the player to the game","timestamp":"2019-02-21T17:53:21.305Z"}
{"level":"info","message":"saved the game with player fghfgh","timestamp":"2019-02-21T17:53:21.310Z"}
{"level":"info","message":"emitting socket joined method to the UI","timestamp":"2019-02-21T17:53:21.311Z"}
{"level":"info","message":"player ddfgdf joining G-ger-kqi5-1550315495571-9h72","timestamp":"2019-02-21T17:56:54.085Z"}
{"level":"info","message":"got the game from DB","timestamp":"2019-02-21T17:56:54.088Z"}
{"level":"info","message":"pushed the player to the game","timestamp":"2019-02-21T17:56:54.089Z"}
{"level":"info","message":"saved the game with player ddfgdf","timestamp":"2019-02-21T17:56:54.094Z"}
{"level":"info","message":"emitting socket joined method to the UI","timestamp":"2019-02-21T17:56:54.094Z"}
{"level":"info","message":"player sdsdf joining GAM-tes-68v6-1548048624908-f40n","timestamp":"2019-02-21T17:57:25.724Z"}
{"level":"info","message":"got the game from DB","timestamp":"2019-02-21T17:57:25.727Z"}
{"level":"info","message":"pushed the player to the game","timestamp":"2019-02-21T17:57:25.727Z"}
{"level":"info","message":"saved the game with player sdsdf","timestamp":"2019-02-21T17:57:25.732Z"}
{"level":"info","message":"emitting socket joined method to the UI","timestamp":"2019-02-21T17:57:25.732Z"}
{"level":"info","message":"player fsdfs joining G-ger-kqi5-1550315495571-9h72","timestamp":"2019-02-21T17:58:56.481Z"}
{"level":"info","message":"got the game from DB","timestamp":"2019-02-21T17:58:56.485Z"}
{"level":"info","message":"pushed the player to the game","timestamp":"2019-02-21T17:58:56.486Z"}
{"level":"info","message":"saved the game with player fsdfs","timestamp":"2019-02-21T17:58:56.490Z"}
{"level":"info","message":"emitting socket joined method to the UI","timestamp":"2019-02-21T17:58:56.490Z"}
{"level":"info","message":"player ghgh joining GAM-tes-68v6-1548048624908-f40n","timestamp":"2019-02-21T18:01:24.174Z"}
{"level":"info","message":"got the game from DB","timestamp":"2019-02-21T18:01:24.177Z"}
{"level":"info","message":"pushed the player to the game","timestamp":"2019-02-21T18:01:24.178Z"}
{"level":"info","message":"saved the game with player ghgh","timestamp":"2019-02-21T18:01:24.183Z"}
{"level":"info","message":"emitting socket joined method to the UI","timestamp":"2019-02-21T18:01:24.183Z"}
{"level":"info","message":"player fghfgh joining G-hrt-w7ak-1550423351448-6e3i","timestamp":"2019-02-21T18:01:47.457Z"}
{"level":"info","message":"got the game from DB","timestamp":"2019-02-21T18:01:47.459Z"}
{"level":"info","message":"pushed the player to the game","timestamp":"2019-02-21T18:01:47.459Z"}
{"level":"info","message":"saved the game with player fghfgh","timestamp":"2019-02-21T18:01:47.461Z"}
{"level":"info","message":"emitting socket joined method to the UI","timestamp":"2019-02-21T18:01:47.462Z"}
{"level":"info","message":"send chat message from player P-hrt-fghfgh-1550772107452-1","timestamp":"2019-02-21T18:02:49.067Z"}
{"level":"info","message":"send chat message from player P-hrt-fghfgh-1550772107452-1","timestamp":"2019-02-21T18:03:33.951Z"}
{"level":"info","message":"player fghfgh joining G-ger-kqi5-1550315495571-9h72","timestamp":"2019-02-21T18:15:42.603Z"}
{"level":"info","message":"got the game from DB","timestamp":"2019-02-21T18:15:42.606Z"}
{"level":"info","message":"pushed the player to the game","timestamp":"2019-02-21T18:15:42.607Z"}
{"level":"info","message":"saved the game with player fghfgh","timestamp":"2019-02-21T18:15:42.612Z"}
{"level":"info","message":"emitting socket joined method to the UI","timestamp":"2019-02-21T18:15:42.612Z"}
{"level":"info","message":"player ccvbn joining GAM-tes-68v6-1548048624908-f40n","timestamp":"2019-02-21T18:16:04.920Z"}
{"level":"info","message":"got the game from DB","timestamp":"2019-02-21T18:16:04.924Z"}
{"level":"info","message":"pushed the player to the game","timestamp":"2019-02-21T18:16:04.924Z"}
{"level":"info","message":"saved the game with player ccvbn","timestamp":"2019-02-21T18:16:04.929Z"}
{"level":"info","message":"emitting socket joined method to the UI","timestamp":"2019-02-21T18:16:04.929Z"}
{"level":"info","message":"player bnmbnm joining GAM-tes-68v6-1548048624908-f40n","timestamp":"2019-02-21T18:20:19.475Z"}
{"level":"info","message":"got the game from DB","timestamp":"2019-02-21T18:20:19.479Z"}
{"level":"info","message":"pushed the player to the game","timestamp":"2019-02-21T18:20:19.479Z"}
{"level":"info","message":"saved the game with player bnmbnm","timestamp":"2019-02-21T18:20:19.484Z"}
{"level":"info","message":"emitting socket joined method to the UI","timestamp":"2019-02-21T18:20:19.484Z"}
{"level":"info","message":"player cvbcvb joining G-ger-kqi5-1550315495571-9h72","timestamp":"2019-02-21T18:20:39.499Z"}
{"level":"info","message":"got the game from DB","timestamp":"2019-02-21T18:20:39.503Z"}
{"level":"info","message":"pushed the player to the game","timestamp":"2019-02-21T18:20:39.503Z"}
{"level":"info","message":"saved the game with player cvbcvb","timestamp":"2019-02-21T18:20:39.509Z"}
{"level":"info","message":"emitting socket joined method to the UI","timestamp":"2019-02-21T18:20:39.510Z"}
{"level":"info","message":"player fdgf joining G-ted-rxx8-1550315306290-ww44","timestamp":"2019-02-21T18:22:14.930Z"}
{"level":"info","message":"got the game from DB","timestamp":"2019-02-21T18:22:14.931Z"}
{"level":"info","message":"pushed the player to the game","timestamp":"2019-02-21T18:22:14.932Z"}
{"level":"info","message":"saved the game with player fdgf","timestamp":"2019-02-21T18:22:14.936Z"}
{"level":"info","message":"emitting socket joined method to the UI","timestamp":"2019-02-21T18:22:14.936Z"}
{"level":"info","message":"player ;'l;' joining G-hrt-w7ak-1550423351448-6e3i","timestamp":"2019-02-21T18:22:41.603Z"}
{"level":"info","message":"got the game from DB","timestamp":"2019-02-21T18:22:41.607Z"}
{"level":"info","message":"pushed the player to the game","timestamp":"2019-02-21T18:22:41.607Z"}
{"level":"info","message":"saved the game with player ;'l;'","timestamp":"2019-02-21T18:22:41.613Z"}
{"level":"info","message":"emitting socket joined method to the UI","timestamp":"2019-02-21T18:22:41.613Z"}
{"level":"info","message":"player dfgdf joining G-ger-kqi5-1550315495571-9h72","timestamp":"2019-02-21T18:25:47.635Z"}
{"level":"info","message":"got the game from DB","timestamp":"2019-02-21T18:25:47.639Z"}
{"level":"info","message":"pushed the player to the game","timestamp":"2019-02-21T18:25:47.639Z"}
{"level":"info","message":"saved the game with player dfgdf","timestamp":"2019-02-21T18:25:47.648Z"}
{"level":"info","message":"emitting socket joined method to the UI","timestamp":"2019-02-21T18:25:47.648Z"}
{"level":"info","message":"player fgdfgd joining G-ted-rxx8-1550315306290-ww44","timestamp":"2019-02-21T18:28:40.059Z"}
{"level":"info","message":"got the game from DB","timestamp":"2019-02-21T18:28:40.060Z"}
{"level":"info","message":"pushed the player to the game","timestamp":"2019-02-21T18:28:40.061Z"}
{"level":"info","message":"saved the game with player fgdfgd","timestamp":"2019-02-21T18:28:40.063Z"}
{"level":"info","message":"emitting socket joined method to the UI","timestamp":"2019-02-21T18:28:40.064Z"}
{"level":"info","message":"send chat message from player P-ted-fgdfgd-1550773720056-1","timestamp":"2019-02-21T18:28:50.716Z"}
